0 verbose cli /Users/alex/.nvm/versions/node/v20.5.0/bin/node /Users/alex/.nvm/versions/node/v20.5.0/bin/npm
1 info using npm@9.8.0
2 info using node@v20.5.0
3 timing npm:load:whichnode Completed in 1ms
4 timing config:load:defaults Completed in 1ms
5 timing config:load:file:/Users/alex/.nvm/versions/node/v20.5.0/lib/node_modules/npm/npmrc Completed in 0ms
6 timing config:load:builtin Completed in 0ms
7 timing config:load:cli Completed in 2ms
8 timing config:load:env Completed in 0ms
9 timing config:load:file:/Users/alex/Documents/dev/nextjs-dashboard/.npmrc Completed in 0ms
10 timing config:load:project Completed in 3ms
11 timing config:load:file:/Users/alex/.npmrc Completed in 0ms
12 timing config:load:user Completed in 0ms
13 timing config:load:file:/Users/alex/.nvm/versions/node/v20.5.0/etc/npmrc Completed in 0ms
14 timing config:load:global Completed in 0ms
15 timing config:load:setEnvs Completed in 0ms
16 timing config:load Completed in 8ms
17 timing npm:load:configload Completed in 8ms
18 timing config:load:flatten Completed in 1ms
19 timing npm:load:mkdirpcache Completed in 0ms
20 timing npm:load:mkdirplogs Completed in 0ms
21 verbose title npm run dev
22 verbose argv "run" "dev"
23 timing npm:load:setTitle Completed in 6ms
24 timing npm:load:display Completed in 1ms
25 verbose logfile logs-max:10 dir:/Users/alex/Documents/dev/nextjs-dashboard/.npm-cache/_logs/2023-11-06T21_55_25_180Z-
26 verbose logfile /Users/alex/Documents/dev/nextjs-dashboard/.npm-cache/_logs/2023-11-06T21_55_25_180Z-debug-0.log
27 timing npm:load:logFile Completed in 4ms
28 timing npm:load:timers Completed in 0ms
29 timing npm:load:configScope Completed in 0ms
30 timing npm:load Completed in 28ms
31 silly logfile done cleaning log files
32 timing command:run Completed in 3953230ms
33 verbose exit 0
34 timing npm Completed in 3953286ms
35 info ok
